<?xml version="1.0" encoding="UTF-8"?>
<testng-results ignored="0" total="1" passed="1" failed="0" skipped="0">
  <reporter-output>
  </reporter-output>
  <suite started-at="2024-02-13T17:35:19 IST" name="Default suite" finished-at="2024-02-13T17:35:23 IST" duration-ms="4412">
    <groups>
    </groups>
    <test started-at="2024-02-13T17:35:19 IST" name="Default test" finished-at="2024-02-13T17:35:23 IST" duration-ms="4412">
      <class name="testCase">
        <test-method signature="testDemo()[pri:0, instance:testCase@f736069]" started-at="2024-02-13T17:35:19 IST" name="testDemo" finished-at="2024-02-13T17:35:23 IST" duration-ms="4389" status="PASS">
          <reporter-output>
          </reporter-output>
        </test-method> <!-- testDemo -->
      </class> <!-- testCase -->
    </test> <!-- Default test -->
  </suite> <!-- Default suite -->
</testng-results>
